-------------------------------------------------------------------------------
Test set: cn.itedus.lottery.test.ApiTest
-------------------------------------------------------------------------------
Tests run: 2, Failures: 0, Errors: 2, Skipped: 0, Time elapsed: 2.526 s <<< FAILURE! - in cn.itedus.lottery.test.ApiTest
test_insert  Time elapsed: 0.001 s  <<< ERROR!
java.lang.IllegalStateException: Failed to load ApplicationContext
Caused by: org.springframework.beans.factory.BeanCreationException: Error creating bean with name 'providers:dubbo:cn.itedus.lottery.IActivityBooth': Instantiation of bean failed; nested exception is java.lang.ExceptionInInitializerError
Caused by: java.lang.ExceptionInInitializerError
Caused by: java.lang.IllegalStateException: Failed to create adaptive instance: java.lang.IllegalStateException: Can't create adaptive extension interface org.apache.dubbo.rpc.Protocol, cause: Unable to make protected final java.lang.Class java.lang.ClassLoader.defineClass(java.lang.String,byte[],int,int,java.security.ProtectionDomain) throws java.lang.ClassFormatError accessible: module java.base does not "opens java.lang" to unnamed module @1efed156
Caused by: java.lang.IllegalStateException: Can't create adaptive extension interface org.apache.dubbo.rpc.Protocol, cause: Unable to make protected final java.lang.Class java.lang.ClassLoader.defineClass(java.lang.String,byte[],int,int,java.security.ProtectionDomain) throws java.lang.ClassFormatError accessible: module java.base does not "opens java.lang" to unnamed module @1efed156
Caused by: java.lang.reflect.InaccessibleObjectException: Unable to make protected final java.lang.Class java.lang.ClassLoader.defineClass(java.lang.String,byte[],int,int,java.security.ProtectionDomain) throws java.lang.ClassFormatError accessible: module java.base does not "opens java.lang" to unnamed module @1efed156

test_select  Time elapsed: 0 s  <<< ERROR!
java.lang.IllegalStateException: Failed to load ApplicationContext
Caused by: org.springframework.beans.factory.BeanCreationException: Error creating bean with name 'providers:dubbo:cn.itedus.lottery.IActivityBooth': Instantiation of bean failed; nested exception is java.lang.NoClassDefFoundError: Could not initialize class org.apache.dubbo.config.spring.ServiceBean
Caused by: java.lang.NoClassDefFoundError: Could not initialize class org.apache.dubbo.config.spring.ServiceBean
Caused by: java.lang.ExceptionInInitializerError: Exception java.lang.ExceptionInInitializerError [in thread "main"]

